{"C:\\Users\\User\\Desktop\\cours_projects\\todo_list\\src\\add-remove.js": {"path":"C:\\Users\\User\\Desktop\\cours_projects\\todo_list\\src\\add-remove.js","statementMap":{"0":{"start":{"line":1,"column":13},"end":{"line":1,"column":52}},"1":{"start":{"line":3,"column":16},"end":{"line":3,"column":18}},"2":{"start":{"line":4,"column":29},"end":{"line":6,"column":1}},"3":{"start":{"line":5,"column":2},"end":{"line":5,"column":63}},"4":{"start":{"line":8,"column":23},"end":{"line":19,"column":1}},"5":{"start":{"line":9,"column":15},"end":{"line":17,"column":11}},"6":{"start":{"line":18,"column":2},"end":{"line":18,"column":45}},"7":{"start":{"line":21,"column":26},"end":{"line":27,"column":1}},"8":{"start":{"line":22,"column":2},"end":{"line":25,"column":5}},"9":{"start":{"line":22,"column":38},"end":{"line":22,"column":68}},"10":{"start":{"line":23,"column":4},"end":{"line":23,"column":16}},"11":{"start":{"line":24,"column":4},"end":{"line":24,"column":13}},"12":{"start":{"line":26,"column":2},"end":{"line":26,"column":63}},"13":{"start":{"line":29,"column":21},"end":{"line":33,"column":1}},"14":{"start":{"line":30,"column":15},"end":{"line":30,"column":68}},"15":{"start":{"line":30,"column":37},"end":{"line":30,"column":67}},"16":{"start":{"line":31,"column":2},"end":{"line":31,"column":35}},"17":{"start":{"line":32,"column":2},"end":{"line":32,"column":27}},"18":{"start":{"line":35,"column":26},"end":{"line":70,"column":1}},"19":{"start":{"line":36,"column":2},"end":{"line":38,"column":3}},"20":{"start":{"line":37,"column":4},"end":{"line":37,"column":22}},"21":{"start":{"line":40,"column":2},"end":{"line":40,"column":22}},"22":{"start":{"line":41,"column":2},"end":{"line":43,"column":5}},"23":{"start":{"line":42,"column":4},"end":{"line":42,"column":52}},"24":{"start":{"line":44,"column":2},"end":{"line":57,"column":5}},"25":{"start":{"line":45,"column":4},"end":{"line":49,"column":7}},"26":{"start":{"line":46,"column":6},"end":{"line":46,"column":29}},"27":{"start":{"line":47,"column":6},"end":{"line":47,"column":37}},"28":{"start":{"line":48,"column":6},"end":{"line":48,"column":20}},"29":{"start":{"line":50,"column":4},"end":{"line":56,"column":7}},"30":{"start":{"line":51,"column":6},"end":{"line":51,"column":28}},"31":{"start":{"line":52,"column":19},"end":{"line":52,"column":70}},"32":{"start":{"line":52,"column":41},"end":{"line":52,"column":69}},"33":{"start":{"line":53,"column":6},"end":{"line":53,"column":38}},"34":{"start":{"line":54,"column":6},"end":{"line":54,"column":40}},"35":{"start":{"line":55,"column":6},"end":{"line":55,"column":22}},"36":{"start":{"line":59,"column":2},"end":{"line":63,"column":5}},"37":{"start":{"line":60,"column":4},"end":{"line":62,"column":7}},"38":{"start":{"line":61,"column":6},"end":{"line":61,"column":40}},"39":{"start":{"line":64,"column":2},"end":{"line":69,"column":5}},"40":{"start":{"line":65,"column":4},"end":{"line":68,"column":7}},"41":{"start":{"line":66,"column":6},"end":{"line":66,"column":44}},"42":{"start":{"line":67,"column":6},"end":{"line":67,"column":28}}},"fnMap":{"0":{"name":"(anonymous_0)","decl":{"start":{"line":4,"column":29},"end":{"line":4,"column":30}},"loc":{"start":{"line":4,"column":35},"end":{"line":6,"column":1}},"line":4},"1":{"name":"(anonymous_1)","decl":{"start":{"line":8,"column":23},"end":{"line":8,"column":24}},"loc":{"start":{"line":8,"column":48},"end":{"line":19,"column":1}},"line":8},"2":{"name":"(anonymous_2)","decl":{"start":{"line":21,"column":26},"end":{"line":21,"column":27}},"loc":{"start":{"line":21,"column":39},"end":{"line":27,"column":1}},"line":21},"3":{"name":"(anonymous_3)","decl":{"start":{"line":22,"column":31},"end":{"line":22,"column":32}},"loc":{"start":{"line":22,"column":38},"end":{"line":22,"column":68}},"line":22},"4":{"name":"(anonymous_4)","decl":{"start":{"line":22,"column":74},"end":{"line":22,"column":75}},"loc":{"start":{"line":22,"column":84},"end":{"line":25,"column":3}},"line":22},"5":{"name":"(anonymous_5)","decl":{"start":{"line":29,"column":21},"end":{"line":29,"column":22}},"loc":{"start":{"line":29,"column":45},"end":{"line":33,"column":1}},"line":29},"6":{"name":"(anonymous_6)","decl":{"start":{"line":30,"column":30},"end":{"line":30,"column":31}},"loc":{"start":{"line":30,"column":37},"end":{"line":30,"column":67}},"line":30},"7":{"name":"(anonymous_7)","decl":{"start":{"line":35,"column":26},"end":{"line":35,"column":27}},"loc":{"start":{"line":35,"column":37},"end":{"line":70,"column":1}},"line":35},"8":{"name":"(anonymous_8)","decl":{"start":{"line":41,"column":16},"end":{"line":41,"column":17}},"loc":{"start":{"line":41,"column":26},"end":{"line":43,"column":3}},"line":41},"9":{"name":"(anonymous_9)","decl":{"start":{"line":44,"column":46},"end":{"line":44,"column":47}},"loc":{"start":{"line":44,"column":57},"end":{"line":57,"column":3}},"line":44},"10":{"name":"(anonymous_10)","decl":{"start":{"line":45,"column":36},"end":{"line":45,"column":37}},"loc":{"start":{"line":45,"column":42},"end":{"line":49,"column":5}},"line":45},"11":{"name":"(anonymous_11)","decl":{"start":{"line":50,"column":37},"end":{"line":50,"column":38}},"loc":{"start":{"line":50,"column":43},"end":{"line":56,"column":5}},"line":50},"12":{"name":"(anonymous_12)","decl":{"start":{"line":52,"column":34},"end":{"line":52,"column":35}},"loc":{"start":{"line":52,"column":41},"end":{"line":52,"column":69}},"line":52},"13":{"name":"(anonymous_13)","decl":{"start":{"line":59,"column":49},"end":{"line":59,"column":50}},"loc":{"start":{"line":59,"column":63},"end":{"line":63,"column":3}},"line":59},"14":{"name":"(anonymous_14)","decl":{"start":{"line":60,"column":40},"end":{"line":60,"column":41}},"loc":{"start":{"line":60,"column":46},"end":{"line":62,"column":5}},"line":60},"15":{"name":"(anonymous_15)","decl":{"start":{"line":64,"column":47},"end":{"line":64,"column":48}},"loc":{"start":{"line":64,"column":56},"end":{"line":69,"column":3}},"line":64},"16":{"name":"(anonymous_16)","decl":{"start":{"line":65,"column":34},"end":{"line":65,"column":35}},"loc":{"start":{"line":65,"column":40},"end":{"line":68,"column":5}},"line":65}},"branchMap":{"0":{"loc":{"start":{"line":12,"column":8},"end":{"line":12,"column":36}},"type":"cond-expr","locations":[{"start":{"line":12,"column":20},"end":{"line":12,"column":29}},{"start":{"line":12,"column":32},"end":{"line":12,"column":36}}],"line":12},"1":{"loc":{"start":{"line":36,"column":2},"end":{"line":38,"column":3}},"type":"if","locations":[{"start":{"line":36,"column":2},"end":{"line":38,"column":3}},{"start":{},"end":{}}],"line":36}},"s":{"0":1,"1":1,"2":1,"3":0,"4":1,"5":1,"6":1,"7":1,"8":1,"9":0,"10":0,"11":0,"12":1,"13":1,"14":0,"15":0,"16":0,"17":0,"18":1,"19":0,"20":0,"21":0,"22":0,"23":0,"24":0,"25":0,"26":0,"27":0,"28":0,"29":0,"30":0,"31":0,"32":0,"33":0,"34":0,"35":0,"36":0,"37":0,"38":0,"39":0,"40":0,"41":0,"42":0},"f":{"0":0,"1":1,"2":1,"3":0,"4":0,"5":0,"6":0,"7":0,"8":0,"9":0,"10":0,"11":0,"12":0,"13":0,"14":0,"15":0,"16":0},"b":{"0":[1,0],"1":[0,0]},"_coverageSchema":"1a1c01bbd47fc00a2c39e90264f33305004495a9","hash":"67d96c7d82a3b20773edcb2bcd6c5c605da3d6af"}
}
